  Using 'git status' to determine working set for adaptive non-unity build (D:\Dev\SnakeGameTest).
  Parsing headers for SnakeGameEditor
    Running UnrealHeaderTool "D:\Dev\SnakeGameTest\SnakeGame\SnakeGame.uproject" "D:\Dev\SnakeGameTest\SnakeGame\Intermediate\Build\Win64\SnakeGameEditor\Development\SnakeGameEditor.uhtmanifest" -LogCmds="loginit warning, logexit warning, logdatabase error" -Unattended -WarningsAsErrors -abslog="C:\Users\Alexandr\AppData\Local\UnrealBuildTool\Log_UHT.txt" -installed
  Reflection code generated for SnakeGameEditor in 3,0631953 seconds
  Building SnakeGameEditor...
  Using Visual Studio 2019 14.29.30040 toolchain (D:\VisualStudio\VC\Tools\MSVC\14.29.30037) and Windows 10.0.19041.0 SDK (D:\SDK).
  Building 9 actions with 8 processes...
    [1/9] SnakeGame.init.gen.cpp
    [2/9] SGTailComponent.gen.cpp
    [3/9] SnakeGameApple.gen.cpp
    [4/9] SnakeGameApple.cpp
    [5/9] SGTailComponent.cpp
    [6/9] SnakeGameActor.cpp
    [7/9] UE4Editor-SnakeGame.lib
       Creating library D:\Dev\SnakeGameTest\SnakeGame\Intermediate\Build\Win64\UE4Editor\Development\SnakeGame\UE4Editor-SnakeGame.lib and object D:\Dev\SnakeGameTest\SnakeGame\Intermediate\Build\Win64\UE4Editor\Development\SnakeGame\UE4Editor-SnakeGame.exp
    [8/9] UE4Editor-SnakeGame.dll
       Creating library D:\Dev\SnakeGameTest\SnakeGame\Intermediate\Build\Win64\UE4Editor\Development\SnakeGame\UE4Editor-SnakeGame.suppressed.lib and object D:\Dev\SnakeGameTest\SnakeGame\Intermediate\Build\Win64\UE4Editor\Development\SnakeGame\UE4Editor-SnakeGame.suppressed.exp
    [9/9] SnakeGameEditor.target
  Total time in Parallel executor: 28,32 seconds
  Total execution time: 31,82 seconds
